0 info it worked if it ends with ok
1 verbose cli [ '/usr/bin/node', '/usr/bin/npm', 'start', '--no-cache' ]
2 info using npm@6.14.4
3 info using node@v10.19.0
4 verbose run-script [ 'prestart', 'start', 'poststart' ]
5 info lifecycle wlish@0.0.1~prestart: wlish@0.0.1
6 info lifecycle wlish@0.0.1~start: wlish@0.0.1
7 verbose lifecycle wlish@0.0.1~start: unsafe-perm in lifecycle true
8 verbose lifecycle wlish@0.0.1~start: PATH: /usr/share/npm/node_modules/npm-lifecycle/node-gyp-bin:/home/rhibi/Coding/React-Native/WLISH/node_modules/.bin:/home/rhibi/miniconda3/bin:/home/rhibi/miniconda3/condabin:/usr/local/sbin:/usr/local/bin:/usr/sbin:/usr/bin:/sbin:/bin:/snap/bin:/home/rhibi/Android/Sdktools:/home/rhibi/Android/Sdkplatform-tools:/usr/lib/jvm/java-11-openjdk-amd64bin:/home/rhibi/Android/Sdkemulator:/home/rhibi/Android/Sdktools/bin
9 verbose lifecycle wlish@0.0.1~start: CWD: /home/rhibi/Coding/React-Native/WLISH
10 silly lifecycle wlish@0.0.1~start: Args: [ '-c', 'react-native start' ]
11 silly lifecycle wlish@0.0.1~start: Returned: code: 1  signal: null
12 info lifecycle wlish@0.0.1~start: Failed to exec start script
13 verbose stack Error: wlish@0.0.1 start: `react-native start`
13 verbose stack Exit status 1
13 verbose stack     at EventEmitter.<anonymous> (/usr/share/npm/node_modules/npm-lifecycle/index.js:332:16)
13 verbose stack     at EventEmitter.emit (events.js:198:13)
13 verbose stack     at ChildProcess.<anonymous> (/usr/share/npm/node_modules/npm-lifecycle/lib/spawn.js:55:14)
13 verbose stack     at ChildProcess.emit (events.js:198:13)
13 verbose stack     at maybeClose (internal/child_process.js:982:16)
13 verbose stack     at Process.ChildProcess._handle.onexit (internal/child_process.js:259:5)
14 verbose pkgid wlish@0.0.1
15 verbose cwd /home/rhibi/Coding/React-Native/WLISH
16 verbose Linux 5.4.0-48-generic
17 verbose argv "/usr/bin/node" "/usr/bin/npm" "start" "--no-cache"
18 verbose node v10.19.0
19 verbose npm  v6.14.4
20 error code ELIFECYCLE
21 error errno 1
22 error wlish@0.0.1 start: `react-native start`
22 error Exit status 1
23 error Failed at the wlish@0.0.1 start script.
23 error This is probably not a problem with npm. There is likely additional logging output above.
24 verbose exit [ 1, true ]
